{"numFailedTestSuites":0,"numFailedTests":0,"numPassedTestSuites":72,"numPassedTests":73,"numPendingTestSuites":0,"numPendingTests":0,"numRuntimeErrorTestSuites":0,"numTotalTestSuites":72,"numTotalTests":73,"openHandles":[],"snapshot":{"added":0,"didUpdate":false,"failure":false,"filesAdded":0,"filesRemoved":0,"filesUnmatched":0,"filesUpdated":0,"matched":73,"total":73,"unchecked":0,"uncheckedKeysByFile":[],"unmatched":0,"updated":0},"startTime":1586270099034,"success":true,"testResults":[{"assertionResults":[{"ancestorTitles":["BaseText"],"failureMessages":[],"fullName":"BaseText renders","location":null,"status":"passed","title":"renders"},{"ancestorTitles":["BaseText"],"failureMessages":[],"fullName":"BaseText renders with different theme color","location":null,"status":"passed","title":"renders with different theme color"}],"endTime":1586270102447,"message":"","name":"/Users/cody/projects/material-bread/src/Components/Typography/BaseText/BaseTest.test.js","startTime":1586270100849,"status":"passed","summary":""},{"assertionResults":[{"ancestorTitles":[],"failureMessages":[],"fullName":"BottomNavigationItem Renders","location":null,"status":"passed","title":"BottomNavigationItem Renders"}],"endTime":1586270104028,"message":"","name":"/Users/cody/projects/material-bread/src/Components/BottomNavigation/BottomNavigationItem/BottomNavigationItem.test.js","startTime":1586270100862,"status":"passed","summary":""},{"assertionResults":[{"ancestorTitles":[],"failureMessages":[],"fullName":"ToggleButtonGroup Renders","location":null,"status":"passed","title":"ToggleButtonGroup Renders"}],"endTime":1586270112032,"message":"","name":"/Users/cody/projects/material-bread/src/Components/ToggleButton/ToggleButtonGroup/ToggleButtonGroup.test.js","startTime":1586270102456,"status":"passed","summary":""},{"assertionResults":[{"ancestorTitles":[],"failureMessages":[],"fullName":"BottomNavigation Renders","location":null,"status":"passed","title":"BottomNavigation Renders"}],"endTime":1586270112035,"message":"","name":"/Users/cody/projects/material-bread/src/Components/BottomNavigation/BottomNavigation.test.js","startTime":1586270104078,"status":"passed","summary":""},{"assertionResults":[{"ancestorTitles":[],"failureMessages":[],"fullName":"DataTablePagination Renders","location":null,"status":"passed","title":"DataTablePagination Renders"}],"endTime":1586270112037,"message":"","name":"/Users/cody/projects/material-bread/src/Components/DataTable/DataTablePagination/DataTablePagination.test.js","startTime":1586270100855,"status":"passed","summary":""},{"assertionResults":[{"ancestorTitles":[],"failureMessages":[],"fullName":"Switch Renders","location":null,"status":"passed","title":"Switch Renders"}],"endTime":1586270112057,"message":"","name":"/Users/cody/projects/material-bread/src/Utils/Hoverable/Hoverable.test.js","startTime":1586270100849,"status":"passed","summary":""},{"assertionResults":[{"ancestorTitles":[],"failureMessages":[],"fullName":"FabSpeedDial Renders","location":null,"status":"passed","title":"FabSpeedDial Renders"}],"endTime":1586270112111,"message":"","name":"/Users/cody/projects/material-bread/src/Components/Fab/FabSpeedDial/FabSpeedDial.test.js","startTime":1586270100850,"status":"passed","summary":""},{"assertionResults":[{"ancestorTitles":[],"failureMessages":[],"fullName":"ListExpanded Renders","location":null,"status":"passed","title":"ListExpanded Renders"}],"endTime":1586270112188,"message":"","name":"/Users/cody/projects/material-bread/src/Components/List/ListSection/ListSection.test.js","startTime":1586270112046,"status":"passed","summary":""},{"assertionResults":[{"ancestorTitles":[],"failureMessages":[],"fullName":"SelectFilled Renders","location":null,"status":"passed","title":"SelectFilled Renders"}],"endTime":1586270112206,"message":"","name":"/Users/cody/projects/material-bread/src/Components/Select/SelectFilled/SelectFilled.test.js","startTime":1586270112047,"status":"passed","summary":""},{"assertionResults":[{"ancestorTitles":[],"failureMessages":[],"fullName":"SelectOutlined Renders","location":null,"status":"passed","title":"SelectOutlined Renders"}],"endTime":1586270112210,"message":"","name":"/Users/cody/projects/material-bread/src/Components/Select/SelectOutlined/SelectOutlined.test.js","startTime":1586270112040,"status":"passed","summary":""},{"assertionResults":[{"ancestorTitles":[],"failureMessages":[],"fullName":"SelectFlat Renders","location":null,"status":"passed","title":"SelectFlat Renders"}],"endTime":1586270112235,"message":"","name":"/Users/cody/projects/material-bread/src/Components/Select/SelectFlat/SelectFlat.test.js","startTime":1586270112070,"status":"passed","summary":""},{"assertionResults":[{"ancestorTitles":[],"failureMessages":[],"fullName":"ToggleButton Renders","location":null,"status":"passed","title":"ToggleButton Renders"}],"endTime":1586270112308,"message":"","name":"/Users/cody/projects/material-bread/src/Components/ToggleButton/ToggleButton.test.js","startTime":1586270112120,"status":"passed","summary":""},{"assertionResults":[{"ancestorTitles":[],"failureMessages":[],"fullName":"SearchField Renders","location":null,"status":"passed","title":"SearchField Renders"}],"endTime":1586270112367,"message":"","name":"/Users/cody/projects/material-bread/src/Components/TextField/Searchfield/Searchfield.test.js","startTime":1586270112193,"status":"passed","summary":""},{"assertionResults":[{"ancestorTitles":[],"failureMessages":[],"fullName":"ListExpanded Renders","location":null,"status":"passed","title":"ListExpanded Renders"}],"endTime":1586270112398,"message":"","name":"/Users/cody/projects/material-bread/src/Components/List/ListExpand/ListExpand.test.js","startTime":1586270112213,"status":"passed","summary":""},{"assertionResults":[{"ancestorTitles":[],"failureMessages":[],"fullName":"ProgressBar Renders","location":null,"status":"passed","title":"ProgressBar Renders"}],"endTime":1586270112401,"message":"","name":"/Users/cody/projects/material-bread/src/Components/Progress/ProgressBar/ProgressBar.test.js","startTime":1586270112215,"status":"passed","summary":""},{"assertionResults":[{"ancestorTitles":[],"failureMessages":[],"fullName":"ListExpanded Renders","location":null,"status":"passed","title":"ListExpanded Renders"}],"endTime":1586270112460,"message":"","name":"/Users/cody/projects/material-bread/src/Components/List/ListItem/ListItem.test.js","startTime":1586270112318,"status":"passed","summary":""},{"assertionResults":[{"ancestorTitles":[],"failureMessages":[],"fullName":"IconButton Renders","location":null,"status":"passed","title":"IconButton Renders"}],"endTime":1586270112507,"message":"","name":"/Users/cody/projects/material-bread/src/Components/IconButton/IconButton.test.js","startTime":1586270112373,"status":"passed","summary":""},{"assertionResults":[{"ancestorTitles":[],"failureMessages":[],"fullName":"Searchbar Renders","location":null,"status":"passed","title":"Searchbar Renders"}],"endTime":1586270112527,"message":"","name":"/Users/cody/projects/material-bread/src/Components/Appbar/Searchbar/Searchbar.test.js","startTime":1586270112403,"status":"passed","summary":""},{"assertionResults":[{"ancestorTitles":[],"failureMessages":[],"fullName":"Snackbar Renders","location":null,"status":"passed","title":"Snackbar Renders"}],"endTime":1586270112659,"message":"","name":"/Users/cody/projects/material-bread/src/Components/Snackbar/Snackbar.test.js","startTime":1586270112534,"status":"passed","summary":""},{"assertionResults":[{"ancestorTitles":[],"failureMessages":[],"fullName":"TextField Renders","location":null,"status":"passed","title":"TextField Renders"}],"endTime":1586270112662,"message":"","name":"/Users/cody/projects/material-bread/src/Components/TextField/TextField.test.js","startTime":1586270112467,"status":"passed","summary":""},{"assertionResults":[{"ancestorTitles":[],"failureMessages":[],"fullName":"Backdrop Renders","location":null,"status":"passed","title":"Backdrop Renders"}],"endTime":1586270112687,"message":"","name":"/Users/cody/projects/material-bread/src/Components/Backdrop/Backdrop.test.js","startTime":1586270112517,"status":"passed","summary":""},{"assertionResults":[{"ancestorTitles":[],"failureMessages":[],"fullName":"Dialog Renders","location":null,"status":"passed","title":"Dialog Renders"}],"endTime":1586270112825,"message":"","name":"/Users/cody/projects/material-bread/src/Components/Dialog/Dialog.test.js","startTime":1586270112667,"status":"passed","summary":""},{"assertionResults":[{"ancestorTitles":[],"failureMessages":[],"fullName":"Tooltip Renders","location":null,"status":"passed","title":"Tooltip Renders"}],"endTime":1586270112842,"message":"","name":"/Users/cody/projects/material-bread/src/Components/Tooltip/Tooltip.test.js","startTime":1586270112696,"status":"passed","summary":""},{"assertionResults":[{"ancestorTitles":[],"failureMessages":[],"fullName":"Checkbox Renders","location":null,"status":"passed","title":"Checkbox Renders"}],"endTime":1586270112845,"message":"","name":"/Users/cody/projects/material-bread/src/Components/Checkbox/Checkbox.test.js","startTime":1586270112667,"status":"passed","summary":""},{"assertionResults":[{"ancestorTitles":[],"failureMessages":[],"fullName":"Slider Renders","location":null,"status":"passed","title":"Slider Renders"}],"endTime":1586270113064,"message":"","name":"/Users/cody/projects/material-bread/src/Components/Slider/Slider.test.js","startTime":1586270112837,"status":"passed","summary":""},{"assertionResults":[{"ancestorTitles":[],"failureMessages":[],"fullName":"Menu Renders","location":null,"status":"passed","title":"Menu Renders"}],"endTime":1586270113100,"message":"","name":"/Users/cody/projects/material-bread/src/Components/Menu/Menu.test.js","startTime":1586270112868,"status":"passed","summary":""},{"assertionResults":[{"ancestorTitles":[],"failureMessages":[],"fullName":"TextFieldUnderline Renders","location":null,"status":"passed","title":"TextFieldUnderline Renders"}],"endTime":1586270113152,"message":"","name":"/Users/cody/projects/material-bread/src/Components/TextField/TextFieldUnderline/TextFieldUnderline.test.js","startTime":1586270112852,"status":"passed","summary":""},{"assertionResults":[{"ancestorTitles":[],"failureMessages":[],"fullName":"Switch Renders","location":null,"status":"passed","title":"Switch Renders"}],"endTime":1586270113200,"message":"","name":"/Users/cody/projects/material-bread/src/Components/Switch/Switch.test.js","startTime":1586270113074,"status":"passed","summary":""},{"assertionResults":[{"ancestorTitles":[],"failureMessages":[],"fullName":"Button Renders","location":null,"status":"passed","title":"Button Renders"}],"endTime":1586270113227,"message":"","name":"/Users/cody/projects/material-bread/src/Components/Button/Button.test.js","startTime":1586270113105,"status":"passed","summary":""},{"assertionResults":[{"ancestorTitles":[],"failureMessages":[],"fullName":"Banner Renders","location":null,"status":"passed","title":"Banner Renders"}],"endTime":1586270113275,"message":"","name":"/Users/cody/projects/material-bread/src/Components/Banner/Banner.test.js","startTime":1586270113161,"status":"passed","summary":""},{"assertionResults":[{"ancestorTitles":[],"failureMessages":[],"fullName":"Icon Renders","location":null,"status":"passed","title":"Icon Renders"}],"endTime":1586270113360,"message":"","name":"/Users/cody/projects/material-bread/src/Components/Icon/Icon.test.js","startTime":1586270113233,"status":"passed","summary":""},{"assertionResults":[{"ancestorTitles":[],"failureMessages":[],"fullName":"TextFieldHelperText Renders","location":null,"status":"passed","title":"TextFieldHelperText Renders"}],"endTime":1586270113360,"message":"","name":"/Users/cody/projects/material-bread/src/Components/TextField/TextFieldHelperText/TextFieldHelperText.test.js","startTime":1586270113204,"status":"passed","summary":""},{"assertionResults":[{"ancestorTitles":[],"failureMessages":[],"fullName":"Tabs Renders","location":null,"status":"passed","title":"Tabs Renders"}],"endTime":1586270113413,"message":"","name":"/Users/cody/projects/material-bread/src/Components/Tabs/Tabs.test.js","startTime":1586270113281,"status":"passed","summary":""},{"assertionResults":[{"ancestorTitles":[],"failureMessages":[],"fullName":"Tab Renders","location":null,"status":"passed","title":"Tab Renders"}],"endTime":1586270113503,"message":"","name":"/Users/cody/projects/material-bread/src/Components/Tabs/Tab/Tab.test.js","startTime":1586270113366,"status":"passed","summary":""},{"assertionResults":[{"ancestorTitles":[],"failureMessages":[],"fullName":"Fab Renders","location":null,"status":"passed","title":"Fab Renders"}],"endTime":1586270113566,"message":"","name":"/Users/cody/projects/material-bread/src/Components/Fab/Fab.test.js","startTime":1586270113420,"status":"passed","summary":""},{"assertionResults":[{"ancestorTitles":[],"failureMessages":[],"fullName":"TextFieldLabel Renders","location":null,"status":"passed","title":"TextFieldLabel Renders"}],"endTime":1586270113675,"message":"","name":"/Users/cody/projects/material-bread/src/Components/TextField/TextFieldLabel/TextFieldLabel.test.js","startTime":1586270113572,"status":"passed","summary":""},{"assertionResults":[{"ancestorTitles":[],"failureMessages":[],"fullName":"DataTableHeader Renders","location":null,"status":"passed","title":"DataTableHeader Renders"}],"endTime":1586270113835,"message":"","name":"/Users/cody/projects/material-bread/src/Components/DataTable/DataTableHeader/DataTableHeader.test.js","startTime":1586270113684,"status":"passed","summary":""},{"assertionResults":[{"ancestorTitles":[],"failureMessages":[],"fullName":"SheetSide Renders","location":null,"status":"passed","title":"SheetSide Renders"}],"endTime":1586270114682,"message":"","name":"/Users/cody/projects/material-bread/src/Components/SheetSide/SheetSide.test.js","startTime":1586270112406,"status":"passed","summary":""},{"assertionResults":[{"ancestorTitles":[],"failureMessages":[],"fullName":"SheetBottom Renders","location":null,"status":"passed","title":"SheetBottom Renders"}],"endTime":1586270114714,"message":"","name":"/Users/cody/projects/material-bread/src/Components/SheetBottom/SheetBottom.test.js","startTime":1586270112241,"status":"passed","summary":""},{"assertionResults":[{"ancestorTitles":[],"failureMessages":[],"fullName":"DrawerSection Renders","location":null,"status":"passed","title":"DrawerSection Renders"}],"endTime":1586270114972,"message":"","name":"/Users/cody/projects/material-bread/src/Components/Drawer/DrawerSection/DrawerSection.test.js","startTime":1586270114740,"status":"passed","summary":""},{"assertionResults":[{"ancestorTitles":[],"failureMessages":[],"fullName":"ProgressCircle Renders","location":null,"status":"passed","title":"ProgressCircle Renders"}],"endTime":1586270115153,"message":"","name":"/Users/cody/projects/material-bread/src/Components/Progress/ProgressCircle/ProgressCircle.test.js","startTime":1586270114692,"status":"passed","summary":""},{"assertionResults":[{"ancestorTitles":[],"failureMessages":[],"fullName":"DataTableCell Renders","location":null,"status":"passed","title":"DataTableCell Renders"}],"endTime":1586270115170,"message":"","name":"/Users/cody/projects/material-bread/src/Components/DataTable/DataTableCell/DataTableCell.test.js","startTime":1586270114981,"status":"passed","summary":""},{"assertionResults":[{"ancestorTitles":[],"failureMessages":[],"fullName":"DataTableRow Renders","location":null,"status":"passed","title":"DataTableRow Renders"}],"endTime":1586270115297,"message":"","name":"/Users/cody/projects/material-bread/src/Components/DataTable/DataTableRow/DataTableRow.test.js","startTime":1586270115177,"status":"passed","summary":""},{"assertionResults":[{"ancestorTitles":[],"failureMessages":[],"fullName":"AppbarBottom Renders","location":null,"status":"passed","title":"AppbarBottom Renders"}],"endTime":1586270115298,"message":"","name":"/Users/cody/projects/material-bread/src/Components/AppbarBottom/AppbarBottom.test.js","startTime":1586270115161,"status":"passed","summary":""},{"assertionResults":[{"ancestorTitles":[],"failureMessages":[],"fullName":"DrawerHeader Renders","location":null,"status":"passed","title":"DrawerHeader Renders"}],"endTime":1586270115433,"message":"","name":"/Users/cody/projects/material-bread/src/Components/Drawer/DrawerHeader/DrawerHeader.test.js","startTime":1586270115305,"status":"passed","summary":""},{"assertionResults":[{"ancestorTitles":[],"failureMessages":[],"fullName":"DrawerBottom Renders","location":null,"status":"passed","title":"DrawerBottom Renders"}],"endTime":1586270115455,"message":"","name":"/Users/cody/projects/material-bread/src/Components/DrawerBottom/DrawerBottom.test.js","startTime":1586270115303,"status":"passed","summary":""},{"assertionResults":[{"ancestorTitles":[],"failureMessages":[],"fullName":"CardContent Renders","location":null,"status":"passed","title":"CardContent Renders"}],"endTime":1586270115554,"message":"","name":"/Users/cody/projects/material-bread/src/Components/Card/CardContent/CardContent.test.js","startTime":1586270115461,"status":"passed","summary":""},{"assertionResults":[{"ancestorTitles":[],"failureMessages":[],"fullName":"CardActions Renders","location":null,"status":"passed","title":"CardActions Renders"}],"endTime":1586270115592,"message":"","name":"/Users/cody/projects/material-bread/src/Components/Card/CardActions/CardActions.test.js","startTime":1586270115444,"status":"passed","summary":""},{"assertionResults":[{"ancestorTitles":[],"failureMessages":[],"fullName":"TextFieldOutline Renders","location":null,"status":"passed","title":"TextFieldOutline Renders"}],"endTime":1586270115604,"message":"","name":"/Users/cody/projects/material-bread/src/Components/TextField/TextFieldOutline/TextFieldOutline.test.js","startTime":1586270113368,"status":"passed","summary":""},{"assertionResults":[{"ancestorTitles":[],"failureMessages":[],"fullName":"TextFieldFilled Renders","location":null,"status":"passed","title":"TextFieldFilled Renders"}],"endTime":1586270115672,"message":"","name":"/Users/cody/projects/material-bread/src/Components/TextField/TextFieldFilled/TextFieldFilled.test.js","startTime":1586270113507,"status":"passed","summary":""},{"assertionResults":[{"ancestorTitles":[],"failureMessages":[],"fullName":"RadioButton Renders","location":null,"status":"passed","title":"RadioButton Renders"}],"endTime":1586270115700,"message":"","name":"/Users/cody/projects/material-bread/src/Components/RadioButton/RadioButton.test.js","startTime":1586270115562,"status":"passed","summary":""},{"assertionResults":[{"ancestorTitles":[],"failureMessages":[],"fullName":"CardHeader Renders","location":null,"status":"passed","title":"CardHeader Renders"}],"endTime":1586270115738,"message":"","name":"/Users/cody/projects/material-bread/src/Components/Card/CardHeader/CardHeader.test.js","startTime":1586270115683,"status":"passed","summary":""},{"assertionResults":[{"ancestorTitles":[],"failureMessages":[],"fullName":"CardMedia Renders","location":null,"status":"passed","title":"CardMedia Renders"}],"endTime":1586270115769,"message":"","name":"/Users/cody/projects/material-bread/src/Components/Card/CardMedia/CardMedia.test.js","startTime":1586270115706,"status":"passed","summary":""},{"assertionResults":[{"ancestorTitles":[],"failureMessages":[],"fullName":"DrawerItem Renders","location":null,"status":"passed","title":"DrawerItem Renders"}],"endTime":1586270115834,"message":"","name":"/Users/cody/projects/material-bread/src/Components/Drawer/DrawerItem/DrawerItem.test.js","startTime":1586270115613,"status":"passed","summary":""},{"assertionResults":[{"ancestorTitles":[],"failureMessages":[],"fullName":"MenuItem Renders","location":null,"status":"passed","title":"MenuItem Renders"}],"endTime":1586270115925,"message":"","name":"/Users/cody/projects/material-bread/src/Components/Menu/MenuItem/MenuItem.test.js","startTime":1586270115743,"status":"passed","summary":""},{"assertionResults":[{"ancestorTitles":[],"failureMessages":[],"fullName":"TextFieldFlat Renders","location":null,"status":"passed","title":"TextFieldFlat Renders"}],"endTime":1586270115939,"message":"","name":"/Users/cody/projects/material-bread/src/Components/TextField/TextFieldFlat/TextFieldFlat.test.js","startTime":1586270113846,"status":"passed","summary":""},{"assertionResults":[{"ancestorTitles":[],"failureMessages":[],"fullName":"DataTable Renders","location":null,"status":"passed","title":"DataTable Renders"}],"endTime":1586270115978,"message":"","name":"/Users/cody/projects/material-bread/src/Components/DataTable/DataTable.test.js","startTime":1586270115599,"status":"passed","summary":""},{"assertionResults":[{"ancestorTitles":[],"failureMessages":[],"fullName":"Subtitle Renders","location":null,"status":"passed","title":"Subtitle Renders"}],"endTime":1586270115990,"message":"","name":"/Users/cody/projects/material-bread/src/Components/Typography/Subtitle/Subtitle.test.js","startTime":1586270115843,"status":"passed","summary":""},{"assertionResults":[{"ancestorTitles":[],"failureMessages":[],"fullName":"Overline Renders","location":null,"status":"passed","title":"Overline Renders"}],"endTime":1586270115991,"message":"","name":"/Users/cody/projects/material-bread/src/Components/Typography/Overline/Overline.test.js","startTime":1586270115780,"status":"passed","summary":""},{"assertionResults":[{"ancestorTitles":[],"failureMessages":[],"fullName":"BodyText Renders","location":null,"status":"passed","title":"BodyText Renders"}],"endTime":1586270116055,"message":"","name":"/Users/cody/projects/material-bread/src/Components/Typography/BodyText/BodyText.test.js","startTime":1586270115931,"status":"passed","summary":""},{"assertionResults":[{"ancestorTitles":[],"failureMessages":[],"fullName":"Heading Renders","location":null,"status":"passed","title":"Heading Renders"}],"endTime":1586270116084,"message":"","name":"/Users/cody/projects/material-bread/src/Components/Typography/Heading/Heading.test.js","startTime":1586270115944,"status":"passed","summary":""},{"assertionResults":[{"ancestorTitles":[],"failureMessages":[],"fullName":"Divider Renders","location":null,"status":"passed","title":"Divider Renders"}],"endTime":1586270116117,"message":"","name":"/Users/cody/projects/material-bread/src/Components/Divider/Divider.test.js","startTime":1586270115996,"status":"passed","summary":""},{"assertionResults":[{"ancestorTitles":[],"failureMessages":[],"fullName":"List Renders","location":null,"status":"passed","title":"List Renders"}],"endTime":1586270116133,"message":"","name":"/Users/cody/projects/material-bread/src/Components/List/List.test.js","startTime":1586270115997,"status":"passed","summary":""},{"assertionResults":[{"ancestorTitles":[],"failureMessages":[],"fullName":"Caption Renders","location":null,"status":"passed","title":"Caption Renders"}],"endTime":1586270116184,"message":"","name":"/Users/cody/projects/material-bread/src/Components/Typography/Caption/Caption.test.js","startTime":1586270115993,"status":"passed","summary":""},{"assertionResults":[{"ancestorTitles":[],"failureMessages":[],"fullName":"Avatar Renders","location":null,"status":"passed","title":"Avatar Renders"}],"endTime":1586270116206,"message":"","name":"/Users/cody/projects/material-bread/src/Components/Avatar/Avatar.test.js","startTime":1586270116122,"status":"passed","summary":""},{"assertionResults":[{"ancestorTitles":[],"failureMessages":[],"fullName":"Ripple Renders","location":null,"status":"passed","title":"Ripple Renders"}],"endTime":1586270116256,"message":"","name":"/Users/cody/projects/material-bread/src/Components/Ripple/Ripple.test.js","startTime":1586270116071,"status":"passed","summary":""},{"assertionResults":[{"ancestorTitles":[],"failureMessages":[],"fullName":"Appbar Renders","location":null,"status":"passed","title":"Appbar Renders"}],"endTime":1586270116271,"message":"","name":"/Users/cody/projects/material-bread/src/Components/Appbar/Appbar.test.js","startTime":1586270116148,"status":"passed","summary":""},{"assertionResults":[{"ancestorTitles":[],"failureMessages":[],"fullName":"Drawer Renders","location":null,"status":"passed","title":"Drawer Renders"}],"endTime":1586270116275,"message":"","name":"/Users/cody/projects/material-bread/src/Components/Drawer/Drawer.test.js","startTime":1586270116089,"status":"passed","summary":""},{"assertionResults":[{"ancestorTitles":[],"failureMessages":[],"fullName":"Paper Renders","location":null,"status":"passed","title":"Paper Renders"}],"endTime":1586270116314,"message":"","name":"/Users/cody/projects/material-bread/src/Components/Paper/Paper.test.js","startTime":1586270116190,"status":"passed","summary":""},{"assertionResults":[{"ancestorTitles":[],"failureMessages":[],"fullName":"Card Renders","location":null,"status":"passed","title":"Card Renders"}],"endTime":1586270116369,"message":"","name":"/Users/cody/projects/material-bread/src/Components/Card/Card.test.js","startTime":1586270116262,"status":"passed","summary":""},{"assertionResults":[{"ancestorTitles":[],"failureMessages":[],"fullName":"Badge Renders","location":null,"status":"passed","title":"Badge Renders"}],"endTime":1586270116404,"message":"","name":"/Users/cody/projects/material-bread/src/Components/Badge/Badge.test.js","startTime":1586270116217,"status":"passed","summary":""},{"assertionResults":[{"ancestorTitles":[],"failureMessages":[],"fullName":"Chip Renders","location":null,"status":"passed","title":"Chip Renders"}],"endTime":1586270116411,"message":"","name":"/Users/cody/projects/material-bread/src/Components/Chip/Chip.test.js","startTime":1586270116280,"status":"passed","summary":""}],"wasInterrupted":false}